<?xml version="1.0" encoding="UTF-8"?>
<!-- Generated by org.testng.reporters.JUnitReportReporter -->
<testsuite hostname="kmaster" failures="0" tests="1" name="com.qa.testScripts.TestCase1" time="3.380" errors="0" timestamp="21 Jul 2021 16:52:57 GMT" skipped="0">
  <testcase classname="com.qa.testScripts.TestCase1" name="setup" time="3.380"/>
</testsuite> <!-- com.qa.testScripts.TestCase1 -->
